The system is: Linux - 2.6.32-573.1.1.el6.x86_64 - x86_64
Compiling the C compiler identification source file "CMakeCCompilerId.c" succeeded.
Compiler: /usr/bin/cc 
Build flags: -I/files/vol07/LSEL/dev/linux/tbb/4.3_2/include;-I/files/vol07/LSEL/dev/linux/canopy/1.5.1/appdata/canopy-1.5.1.2730.rh5-x86_64/include/python2.7;-I/files/vol07/LSEL/dev/linux/snappy/1.1.1/include;-I/files/vol07/LSEL/dev/linux/hdf5/1.8.14/include;-I/files/vol07/LSEL/dev/linux/boost/1.57.0/include;-I/files/vol07/LSEL/dev/linux/lmdb/0.9.14/include;-I/files/vol07/LSEL/dev/linux/leveldb/1.18/include;-I/files/vol07/LSEL/dev/linux/gflags/2.1.1/include;-I/files/vol07/LSEL/dev/linux/glog/0.3.3/include;-I/files/vol07/LSEL/dev/linux/protobuf/2.6.1/include;-I/files/vol07/LSEL/dev/linux/opencv/2.4.10.1/include;-I/files/vol07/LSEL/dev/linux/cuda/6.5.14/include;-I/files/vol07/LSEL/dev/linux/atlas/3.10.2/include
Id flags: 

The output was:
0


Compilation of the C compiler identification source "CMakeCCompilerId.c" produced "a.out"

The C compiler identification is GNU, found in "/home/ninaoa1/Projects/temp/lstm/lstm7/lisa-caffe-public/tools/cuda_flow/release/CMakeFiles/3.1.0/CompilerIdC/a.out"

Compiling the CXX compiler identification source file "CMakeCXXCompilerId.cpp" succeeded.
Compiler: /usr/bin/c++ 
Build flags: -I/files/vol07/LSEL/dev/linux/snappy/1.1.1/include;-I/files/vol07/LSEL/dev/linux/hdf5/1.8.14/include;-I/files/vol07/LSEL/dev/linux/boost/1.57.0/include;-I/files/vol07/LSEL/dev/linux/lmdb/0.9.14/include;-I/files/vol07/LSEL/dev/linux/leveldb/1.18/include;-I/files/vol07/LSEL/dev/linux/gflags/2.1.1/include;-I/files/vol07/LSEL/dev/linux/glog/0.3.3/include;-I/files/vol07/LSEL/dev/linux/protobuf/2.6.1/include;-I/files/vol07/LSEL/dev/linux/opencv/2.4.10.1/include;-I/files/vol07/LSEL/dev/linux/cuda/6.5.14/include;-I/files/vol07/LSEL/dev/linux/atlas/3.10.2/include
Id flags: 

The output was:
0


Compilation of the CXX compiler identification source "CMakeCXXCompilerId.cpp" produced "a.out"

The CXX compiler identification is GNU, found in "/home/ninaoa1/Projects/temp/lstm/lstm7/lisa-caffe-public/tools/cuda_flow/release/CMakeFiles/3.1.0/CompilerIdCXX/a.out"

Determining if the C compiler works passed with the following output:
Change Dir: /home/ninaoa1/Projects/temp/lstm/lstm7/lisa-caffe-public/tools/cuda_flow/release/CMakeFiles/CMakeTmp

Run Build Command:"/usr/bin/gmake" "cmTryCompileExec3046881440/fast"
gmake: Warning: File `Makefile' has modification time 1.1 s in the future
/usr/bin/gmake -f CMakeFiles/cmTryCompileExec3046881440.dir/build.make CMakeFiles/cmTryCompileExec3046881440.dir/build
gmake[1]: Entering directory `/home/ninaoa1/Projects/temp/lstm/lstm7/lisa-caffe-public/tools/cuda_flow/release/CMakeFiles/CMakeTmp'
gmake[1]: Warning: File `CMakeFiles/cmTryCompileExec3046881440.dir/flags.make' has modification time 1.1 s in the future
/files/vol07/LSEL/dev/linux/cmake/3.1.0/bin/cmake -E cmake_progress_report /home/ninaoa1/Projects/temp/lstm/lstm7/lisa-caffe-public/tools/cuda_flow/release/CMakeFiles/CMakeTmp/CMakeFiles 1
Building C object CMakeFiles/cmTryCompileExec3046881440.dir/testCCompiler.c.o
/usr/bin/cc   -I/files/vol07/LSEL/dev/linux/tbb/4.3_2/include -I/files/vol07/LSEL/dev/linux/canopy/1.5.1/appdata/canopy-1.5.1.2730.rh5-x86_64/include/python2.7 -I/files/vol07/LSEL/dev/linux/snappy/1.1.1/include -I/files/vol07/LSEL/dev/linux/hdf5/1.8.14/include -I/files/vol07/LSEL/dev/linux/boost/1.57.0/include -I/files/vol07/LSEL/dev/linux/lmdb/0.9.14/include -I/files/vol07/LSEL/dev/linux/leveldb/1.18/include -I/files/vol07/LSEL/dev/linux/gflags/2.1.1/include -I/files/vol07/LSEL/dev/linux/glog/0.3.3/include -I/files/vol07/LSEL/dev/linux/protobuf/2.6.1/include -I/files/vol07/LSEL/dev/linux/opencv/2.4.10.1/include -I/files/vol07/LSEL/dev/linux/cuda/6.5.14/include -I/files/vol07/LSEL/dev/linux/atlas/3.10.2/include     -o CMakeFiles/cmTryCompileExec3046881440.dir/testCCompiler.c.o   -c /home/ninaoa1/Projects/temp/lstm/lstm7/lisa-caffe-public/tools/cuda_flow/release/CMakeFiles/CMakeTmp/testCCompiler.c
Linking C executable cmTryCompileExec3046881440
/files/vol07/LSEL/dev/linux/cmake/3.1.0/bin/cmake -E cmake_link_script CMakeFiles/cmTryCompileExec3046881440.dir/link.txt --verbose=1
/usr/bin/cc  -I/files/vol07/LSEL/dev/linux/tbb/4.3_2/include -I/files/vol07/LSEL/dev/linux/canopy/1.5.1/appdata/canopy-1.5.1.2730.rh5-x86_64/include/python2.7 -I/files/vol07/LSEL/dev/linux/snappy/1.1.1/include -I/files/vol07/LSEL/dev/linux/hdf5/1.8.14/include -I/files/vol07/LSEL/dev/linux/boost/1.57.0/include -I/files/vol07/LSEL/dev/linux/lmdb/0.9.14/include -I/files/vol07/LSEL/dev/linux/leveldb/1.18/include -I/files/vol07/LSEL/dev/linux/gflags/2.1.1/include -I/files/vol07/LSEL/dev/linux/glog/0.3.3/include -I/files/vol07/LSEL/dev/linux/protobuf/2.6.1/include -I/files/vol07/LSEL/dev/linux/opencv/2.4.10.1/include -I/files/vol07/LSEL/dev/linux/cuda/6.5.14/include -I/files/vol07/LSEL/dev/linux/atlas/3.10.2/include     -L/files/vol07/LSEL/dev/linux/tbb/4.3_2/lib -L/files/vol07/LSEL/dev/linux/canopy/1.5.1/appdata/canopy-1.5.1.2730.rh5-x86_64/lib -L/files/vol07/LSEL/dev/linux/snappy/1.1.1/lib -L/files/vol07/LSEL/dev/linux/hdf5/1.8.14/lib -L/files/vol07/LSEL/dev/linux/boost/1.57.0/lib -L/files/vol07/LSEL/dev/linux/lmdb/0.9.14/lib -L/files/vol07/LSEL/dev/linux/leveldb/1.18/lib -L/files/vol07/LSEL/dev/linux/gflags/2.1.1/lib -L/files/vol07/LSEL/dev/linux/glog/0.3.3/lib -L/files/vol07/LSEL/dev/linux/protobuf/2.6.1/lib -L/files/vol07/LSEL/dev/linux/opencv/2.4.10.1/lib -L/files/vol07/LSEL/dev/linux/cuda/6.5.14/lib64 -L/files/vol07/LSEL/dev/linux/atlas/3.10.2/lib CMakeFiles/cmTryCompileExec3046881440.dir/testCCompiler.c.o  -o cmTryCompileExec3046881440 -rdynamic 
gmake[1]: warning:  Clock skew detected.  Your build may be incomplete.
gmake[1]: Leaving directory `/home/ninaoa1/Projects/temp/lstm/lstm7/lisa-caffe-public/tools/cuda_flow/release/CMakeFiles/CMakeTmp'
gmake: warning:  Clock skew detected.  Your build may be incomplete.


Detecting C compiler ABI info compiled with the following output:
Change Dir: /home/ninaoa1/Projects/temp/lstm/lstm7/lisa-caffe-public/tools/cuda_flow/release/CMakeFiles/CMakeTmp

Run Build Command:"/usr/bin/gmake" "cmTryCompileExec3071238706/fast"
gmake: Warning: File `Makefile' has modification time 1.1 s in the future
/usr/bin/gmake -f CMakeFiles/cmTryCompileExec3071238706.dir/build.make CMakeFiles/cmTryCompileExec3071238706.dir/build
gmake[1]: Entering directory `/home/ninaoa1/Projects/temp/lstm/lstm7/lisa-caffe-public/tools/cuda_flow/release/CMakeFiles/CMakeTmp'
gmake[1]: Warning: File `CMakeFiles/cmTryCompileExec3071238706.dir/flags.make' has modification time 1.1 s in the future
/files/vol07/LSEL/dev/linux/cmake/3.1.0/bin/cmake -E cmake_progress_report /home/ninaoa1/Projects/temp/lstm/lstm7/lisa-caffe-public/tools/cuda_flow/release/CMakeFiles/CMakeTmp/CMakeFiles 1
Building C object CMakeFiles/cmTryCompileExec3071238706.dir/CMakeCCompilerABI.c.o
/usr/bin/cc   -I/files/vol07/LSEL/dev/linux/tbb/4.3_2/include -I/files/vol07/LSEL/dev/linux/canopy/1.5.1/appdata/canopy-1.5.1.2730.rh5-x86_64/include/python2.7 -I/files/vol07/LSEL/dev/linux/snappy/1.1.1/include -I/files/vol07/LSEL/dev/linux/hdf5/1.8.14/include -I/files/vol07/LSEL/dev/linux/boost/1.57.0/include -I/files/vol07/LSEL/dev/linux/lmdb/0.9.14/include -I/files/vol07/LSEL/dev/linux/leveldb/1.18/include -I/files/vol07/LSEL/dev/linux/gflags/2.1.1/include -I/files/vol07/LSEL/dev/linux/glog/0.3.3/include -I/files/vol07/LSEL/dev/linux/protobuf/2.6.1/include -I/files/vol07/LSEL/dev/linux/opencv/2.4.10.1/include -I/files/vol07/LSEL/dev/linux/cuda/6.5.14/include -I/files/vol07/LSEL/dev/linux/atlas/3.10.2/include     -o CMakeFiles/cmTryCompileExec3071238706.dir/CMakeCCompilerABI.c.o   -c /files/vol07/LSEL/dev/linux/cmake/3.1.0/share/cmake-3.1/Modules/CMakeCCompilerABI.c
Linking C executable cmTryCompileExec3071238706
/files/vol07/LSEL/dev/linux/cmake/3.1.0/bin/cmake -E cmake_link_script CMakeFiles/cmTryCompileExec3071238706.dir/link.txt --verbose=1
/usr/bin/cc  -I/files/vol07/LSEL/dev/linux/tbb/4.3_2/include -I/files/vol07/LSEL/dev/linux/canopy/1.5.1/appdata/canopy-1.5.1.2730.rh5-x86_64/include/python2.7 -I/files/vol07/LSEL/dev/linux/snappy/1.1.1/include -I/files/vol07/LSEL/dev/linux/hdf5/1.8.14/include -I/files/vol07/LSEL/dev/linux/boost/1.57.0/include -I/files/vol07/LSEL/dev/linux/lmdb/0.9.14/include -I/files/vol07/LSEL/dev/linux/leveldb/1.18/include -I/files/vol07/LSEL/dev/linux/gflags/2.1.1/include -I/files/vol07/LSEL/dev/linux/glog/0.3.3/include -I/files/vol07/LSEL/dev/linux/protobuf/2.6.1/include -I/files/vol07/LSEL/dev/linux/opencv/2.4.10.1/include -I/files/vol07/LSEL/dev/linux/cuda/6.5.14/include -I/files/vol07/LSEL/dev/linux/atlas/3.10.2/include    -v CMakeFiles/cmTryCompileExec3071238706.dir/CMakeCCompilerABI.c.o  -o cmTryCompileExec3071238706 -rdynamic  
Using built-in specs.
Target: x86_64-redhat-linux
Configured with: ../configure --prefix=/usr --mandir=/usr/share/man --infodir=/usr/share/info --with-bugurl=http://bugzilla.redhat.com/bugzilla --enable-bootstrap --enable-shared --enable-threads=posix --enable-checking=release --with-system-zlib --enable-__cxa_atexit --disable-libunwind-exceptions --enable-gnu-unique-object --enable-languages=c,c++,objc,obj-c++,java,fortran,ada --enable-java-awt=gtk --disable-dssi --with-java-home=/usr/lib/jvm/java-1.5.0-gcj-1.5.0.0/jre --enable-libgcj-multifile --enable-java-maintainer-mode --with-ecj-jar=/usr/share/java/eclipse-ecj.jar --disable-libjava-multilib --with-ppl --with-cloog --with-tune=generic --with-arch_32=i686 --build=x86_64-redhat-linux
Thread model: posix
gcc version 4.4.7 20120313 (Red Hat 4.4.7-16) (GCC) 
COMPILER_PATH=/usr/libexec/gcc/x86_64-redhat-linux/4.4.7/:/usr/libexec/gcc/x86_64-redhat-linux/4.4.7/:/usr/libexec/gcc/x86_64-redhat-linux/:/usr/lib/gcc/x86_64-redhat-linux/4.4.7/:/usr/lib/gcc/x86_64-redhat-linux/:/usr/libexec/gcc/x86_64-redhat-linux/4.4.7/:/usr/libexec/gcc/x86_64-redhat-linux/:/usr/lib/gcc/x86_64-redhat-linux/4.4.7/:/usr/lib/gcc/x86_64-redhat-linux/
LIBRARY_PATH=/files/vol07/LSEL/dev/linux/cuda/6.5.14/lib64/../lib64/:/usr/lib/gcc/x86_64-redhat-linux/4.4.7/:/usr/lib/gcc/x86_64-redhat-linux/4.4.7/:/usr/lib/gcc/x86_64-redhat-linux/4.4.7/../../../../lib64/:/lib/../lib64/:/usr/lib/../lib64/:/files/vol07/LSEL/dev/linux/hdf5/1.8.14/lib/:/files/vol07/LSEL/dev/linux/boost/1.57.0/lib/:/files/vol07/LSEL/dev/linux/glog/0.3.3/lib/:/files/vol07/LSEL/dev/linux/protobuf/2.6.1/lib/:/files/vol07/LSEL/dev/linux/cuda/6.5.14/lib64/:/files/vol07/LSEL/dev/linux/atlas/3.10.2/lib/:/usr/lib/gcc/x86_64-redhat-linux/4.4.7/../../../:/lib/:/usr/lib/
COLLECT_GCC_OPTIONS='-I/files/vol07/LSEL/dev/linux/tbb/4.3_2/include' '-I/files/vol07/LSEL/dev/linux/canopy/1.5.1/appdata/canopy-1.5.1.2730.rh5-x86_64/include/python2.7' '-I/files/vol07/LSEL/dev/linux/snappy/1.1.1/include' '-I/files/vol07/LSEL/dev/linux/hdf5/1.8.14/include' '-I/files/vol07/LSEL/dev/linux/boost/1.57.0/include' '-I/files/vol07/LSEL/dev/linux/lmdb/0.9.14/include' '-I/files/vol07/LSEL/dev/linux/leveldb/1.18/include' '-I/files/vol07/LSEL/dev/linux/gflags/2.1.1/include' '-I/files/vol07/LSEL/dev/linux/glog/0.3.3/include' '-I/files/vol07/LSEL/dev/linux/protobuf/2.6.1/include' '-I/files/vol07/LSEL/dev/linux/opencv/2.4.10.1/include' '-I/files/vol07/LSEL/dev/linux/cuda/6.5.14/include' '-I/files/vol07/LSEL/dev/linux/atlas/3.10.2/include' '-v' '-o' 'cmTryCompileExec3071238706' '-rdynamic' '-mtune=generic'
 /usr/libexec/gcc/x86_64-redhat-linux/4.4.7/collect2 --eh-frame-hdr --build-id -m elf_x86_64 --hash-style=gnu -export-dynamic -dynamic-linker /lib64/ld-linux-x86-64.so.2 -o cmTryCompileExec3071238706 /usr/lib/gcc/x86_64-redhat-linux/4.4.7/../../../../lib64/crt1.o /usr/lib/gcc/x86_64-redhat-linux/4.4.7/../../../../lib64/crti.o /usr/lib/gcc/x86_64-redhat-linux/4.4.7/crtbegin.o -L/files/vol07/LSEL/dev/linux/cuda/6.5.14/lib64/../lib64 -L/usr/lib/gcc/x86_64-redhat-linux/4.4.7 -L/usr/lib/gcc/x86_64-redhat-linux/4.4.7 -L/usr/lib/gcc/x86_64-redhat-linux/4.4.7/../../../../lib64 -L/lib/../lib64 -L/usr/lib/../lib64 -L/files/vol07/LSEL/dev/linux/hdf5/1.8.14/lib -L/files/vol07/LSEL/dev/linux/boost/1.57.0/lib -L/files/vol07/LSEL/dev/linux/glog/0.3.3/lib -L/files/vol07/LSEL/dev/linux/protobuf/2.6.1/lib -L/files/vol07/LSEL/dev/linux/cuda/6.5.14/lib64 -L/files/vol07/LSEL/dev/linux/atlas/3.10.2/lib -L/usr/lib/gcc/x86_64-redhat-linux/4.4.7/../../.. CMakeFiles/cmTryCompileExec3071238706.dir/CMakeCCompilerABI.c.o -lgcc --as-needed -lgcc_s --no-as-needed -lc -lgcc --as-needed -lgcc_s --no-as-needed /usr/lib/gcc/x86_64-redhat-linux/4.4.7/crtend.o /usr/lib/gcc/x86_64-redhat-linux/4.4.7/../../../../lib64/crtn.o
gmake[1]: warning:  Clock skew detected.  Your build may be incomplete.
gmake[1]: Leaving directory `/home/ninaoa1/Projects/temp/lstm/lstm7/lisa-caffe-public/tools/cuda_flow/release/CMakeFiles/CMakeTmp'
gmake: warning:  Clock skew detected.  Your build may be incomplete.


Parsed C implicit link information from above output:
  link line regex: [^( *|.*[/\])(ld|([^/\]+-)?ld|collect2)[^/\]*( |$)]
  ignore line: [Change Dir: /home/ninaoa1/Projects/temp/lstm/lstm7/lisa-caffe-public/tools/cuda_flow/release/CMakeFiles/CMakeTmp]
  ignore line: []
  ignore line: [Run Build Command:"/usr/bin/gmake" "cmTryCompileExec3071238706/fast"]
  ignore line: [gmake: Warning: File `Makefile' has modification time 1.1 s in the future]
  ignore line: [/usr/bin/gmake -f CMakeFiles/cmTryCompileExec3071238706.dir/build.make CMakeFiles/cmTryCompileExec3071238706.dir/build]
  ignore line: [gmake[1]: Entering directory `/home/ninaoa1/Projects/temp/lstm/lstm7/lisa-caffe-public/tools/cuda_flow/release/CMakeFiles/CMakeTmp']
  ignore line: [gmake[1]: Warning: File `CMakeFiles/cmTryCompileExec3071238706.dir/flags.make' has modification time 1.1 s in the future]
  ignore line: [/files/vol07/LSEL/dev/linux/cmake/3.1.0/bin/cmake -E cmake_progress_report /home/ninaoa1/Projects/temp/lstm/lstm7/lisa-caffe-public/tools/cuda_flow/release/CMakeFiles/CMakeTmp/CMakeFiles 1]
  ignore line: [Building C object CMakeFiles/cmTryCompileExec3071238706.dir/CMakeCCompilerABI.c.o]
  ignore line: [/usr/bin/cc   -I/files/vol07/LSEL/dev/linux/tbb/4.3_2/include -I/files/vol07/LSEL/dev/linux/canopy/1.5.1/appdata/canopy-1.5.1.2730.rh5-x86_64/include/python2.7 -I/files/vol07/LSEL/dev/linux/snappy/1.1.1/include -I/files/vol07/LSEL/dev/linux/hdf5/1.8.14/include -I/files/vol07/LSEL/dev/linux/boost/1.57.0/include -I/files/vol07/LSEL/dev/linux/lmdb/0.9.14/include -I/files/vol07/LSEL/dev/linux/leveldb/1.18/include -I/files/vol07/LSEL/dev/linux/gflags/2.1.1/include -I/files/vol07/LSEL/dev/linux/glog/0.3.3/include -I/files/vol07/LSEL/dev/linux/protobuf/2.6.1/include -I/files/vol07/LSEL/dev/linux/opencv/2.4.10.1/include -I/files/vol07/LSEL/dev/linux/cuda/6.5.14/include -I/files/vol07/LSEL/dev/linux/atlas/3.10.2/include     -o CMakeFiles/cmTryCompileExec3071238706.dir/CMakeCCompilerABI.c.o   -c /files/vol07/LSEL/dev/linux/cmake/3.1.0/share/cmake-3.1/Modules/CMakeCCompilerABI.c]
  ignore line: [Linking C executable cmTryCompileExec3071238706]
  ignore line: [/files/vol07/LSEL/dev/linux/cmake/3.1.0/bin/cmake -E cmake_link_script CMakeFiles/cmTryCompileExec3071238706.dir/link.txt --verbose=1]
  ignore line: [/usr/bin/cc  -I/files/vol07/LSEL/dev/linux/tbb/4.3_2/include -I/files/vol07/LSEL/dev/linux/canopy/1.5.1/appdata/canopy-1.5.1.2730.rh5-x86_64/include/python2.7 -I/files/vol07/LSEL/dev/linux/snappy/1.1.1/include -I/files/vol07/LSEL/dev/linux/hdf5/1.8.14/include -I/files/vol07/LSEL/dev/linux/boost/1.57.0/include -I/files/vol07/LSEL/dev/linux/lmdb/0.9.14/include -I/files/vol07/LSEL/dev/linux/leveldb/1.18/include -I/files/vol07/LSEL/dev/linux/gflags/2.1.1/include -I/files/vol07/LSEL/dev/linux/glog/0.3.3/include -I/files/vol07/LSEL/dev/linux/protobuf/2.6.1/include -I/files/vol07/LSEL/dev/linux/opencv/2.4.10.1/include -I/files/vol07/LSEL/dev/linux/cuda/6.5.14/include -I/files/vol07/LSEL/dev/linux/atlas/3.10.2/include    -v CMakeFiles/cmTryCompileExec3071238706.dir/CMakeCCompilerABI.c.o  -o cmTryCompileExec3071238706 -rdynamic  ]
  ignore line: [Using built-in specs.]
  ignore line: [Target: x86_64-redhat-linux]
  ignore line: [Configured with: ../configure --prefix=/usr --mandir=/usr/share/man --infodir=/usr/share/info --with-bugurl=http://bugzilla.redhat.com/bugzilla --enable-bootstrap --enable-shared --enable-threads=posix --enable-checking=release --with-system-zlib --enable-__cxa_atexit --disable-libunwind-exceptions --enable-gnu-unique-object --enable-languages=c,c++,objc,obj-c++,java,fortran,ada --enable-java-awt=gtk --disable-dssi --with-java-home=/usr/lib/jvm/java-1.5.0-gcj-1.5.0.0/jre --enable-libgcj-multifile --enable-java-maintainer-mode --with-ecj-jar=/usr/share/java/eclipse-ecj.jar --disable-libjava-multilib --with-ppl --with-cloog --with-tune=generic --with-arch_32=i686 --build=x86_64-redhat-linux]
  ignore line: [Thread model: posix]
  ignore line: [gcc version 4.4.7 20120313 (Red Hat 4.4.7-16) (GCC) ]
  ignore line: [COMPILER_PATH=/usr/libexec/gcc/x86_64-redhat-linux/4.4.7/:/usr/libexec/gcc/x86_64-redhat-linux/4.4.7/:/usr/libexec/gcc/x86_64-redhat-linux/:/usr/lib/gcc/x86_64-redhat-linux/4.4.7/:/usr/lib/gcc/x86_64-redhat-linux/:/usr/libexec/gcc/x86_64-redhat-linux/4.4.7/:/usr/libexec/gcc/x86_64-redhat-linux/:/usr/lib/gcc/x86_64-redhat-linux/4.4.7/:/usr/lib/gcc/x86_64-redhat-linux/]
  ignore line: [LIBRARY_PATH=/files/vol07/LSEL/dev/linux/cuda/6.5.14/lib64/../lib64/:/usr/lib/gcc/x86_64-redhat-linux/4.4.7/:/usr/lib/gcc/x86_64-redhat-linux/4.4.7/:/usr/lib/gcc/x86_64-redhat-linux/4.4.7/../../../../lib64/:/lib/../lib64/:/usr/lib/../lib64/:/files/vol07/LSEL/dev/linux/hdf5/1.8.14/lib/:/files/vol07/LSEL/dev/linux/boost/1.57.0/lib/:/files/vol07/LSEL/dev/linux/glog/0.3.3/lib/:/files/vol07/LSEL/dev/linux/protobuf/2.6.1/lib/:/files/vol07/LSEL/dev/linux/cuda/6.5.14/lib64/:/files/vol07/LSEL/dev/linux/atlas/3.10.2/lib/:/usr/lib/gcc/x86_64-redhat-linux/4.4.7/../../../:/lib/:/usr/lib/]
  ignore line: [COLLECT_GCC_OPTIONS='-I/files/vol07/LSEL/dev/linux/tbb/4.3_2/include' '-I/files/vol07/LSEL/dev/linux/canopy/1.5.1/appdata/canopy-1.5.1.2730.rh5-x86_64/include/python2.7' '-I/files/vol07/LSEL/dev/linux/snappy/1.1.1/include' '-I/files/vol07/LSEL/dev/linux/hdf5/1.8.14/include' '-I/files/vol07/LSEL/dev/linux/boost/1.57.0/include' '-I/files/vol07/LSEL/dev/linux/lmdb/0.9.14/include' '-I/files/vol07/LSEL/dev/linux/leveldb/1.18/include' '-I/files/vol07/LSEL/dev/linux/gflags/2.1.1/include' '-I/files/vol07/LSEL/dev/linux/glog/0.3.3/include' '-I/files/vol07/LSEL/dev/linux/protobuf/2.6.1/include' '-I/files/vol07/LSEL/dev/linux/opencv/2.4.10.1/include' '-I/files/vol07/LSEL/dev/linux/cuda/6.5.14/include' '-I/files/vol07/LSEL/dev/linux/atlas/3.10.2/include' '-v' '-o' 'cmTryCompileExec3071238706' '-rdynamic' '-mtune=generic']
  link line: [ /usr/libexec/gcc/x86_64-redhat-linux/4.4.7/collect2 --eh-frame-hdr --build-id -m elf_x86_64 --hash-style=gnu -export-dynamic -dynamic-linker /lib64/ld-linux-x86-64.so.2 -o cmTryCompileExec3071238706 /usr/lib/gcc/x86_64-redhat-linux/4.4.7/../../../../lib64/crt1.o /usr/lib/gcc/x86_64-redhat-linux/4.4.7/../../../../lib64/crti.o /usr/lib/gcc/x86_64-redhat-linux/4.4.7/crtbegin.o -L/files/vol07/LSEL/dev/linux/cuda/6.5.14/lib64/../lib64 -L/usr/lib/gcc/x86_64-redhat-linux/4.4.7 -L/usr/lib/gcc/x86_64-redhat-linux/4.4.7 -L/usr/lib/gcc/x86_64-redhat-linux/4.4.7/../../../../lib64 -L/lib/../lib64 -L/usr/lib/../lib64 -L/files/vol07/LSEL/dev/linux/hdf5/1.8.14/lib -L/files/vol07/LSEL/dev/linux/boost/1.57.0/lib -L/files/vol07/LSEL/dev/linux/glog/0.3.3/lib -L/files/vol07/LSEL/dev/linux/protobuf/2.6.1/lib -L/files/vol07/LSEL/dev/linux/cuda/6.5.14/lib64 -L/files/vol07/LSEL/dev/linux/atlas/3.10.2/lib -L/usr/lib/gcc/x86_64-redhat-linux/4.4.7/../../.. CMakeFiles/cmTryCompileExec3071238706.dir/CMakeCCompilerABI.c.o -lgcc --as-needed -lgcc_s --no-as-needed -lc -lgcc --as-needed -lgcc_s --no-as-needed /usr/lib/gcc/x86_64-redhat-linux/4.4.7/crtend.o /usr/lib/gcc/x86_64-redhat-linux/4.4.7/../../../../lib64/crtn.o]
    arg [/usr/libexec/gcc/x86_64-redhat-linux/4.4.7/collect2] ==> ignore
    arg [--eh-frame-hdr] ==> ignore
    arg [--build-id] ==> ignore
    arg [-m] ==> ignore
    arg [elf_x86_64] ==> ignore
    arg [--hash-style=gnu] ==> ignore
    arg [-export-dynamic] ==> ignore
    arg [-dynamic-linker] ==> ignore
    arg [/lib64/ld-linux-x86-64.so.2] ==> ignore
    arg [-o] ==> ignore
    arg [cmTryCompileExec3071238706] ==> ignore
    arg [/usr/lib/gcc/x86_64-redhat-linux/4.4.7/../../../../lib64/crt1.o] ==> ignore
    arg [/usr/lib/gcc/x86_64-redhat-linux/4.4.7/../../../../lib64/crti.o] ==> ignore
    arg [/usr/lib/gcc/x86_64-redhat-linux/4.4.7/crtbegin.o] ==> ignore
    arg [-L/files/vol07/LSEL/dev/linux/cuda/6.5.14/lib64/../lib64] ==> dir [/files/vol07/LSEL/dev/linux/cuda/6.5.14/lib64/../lib64]
    arg [-L/usr/lib/gcc/x86_64-redhat-linux/4.4.7] ==> dir [/usr/lib/gcc/x86_64-redhat-linux/4.4.7]
    arg [-L/usr/lib/gcc/x86_64-redhat-linux/4.4.7] ==> dir [/usr/lib/gcc/x86_64-redhat-linux/4.4.7]
    arg [-L/usr/lib/gcc/x86_64-redhat-linux/4.4.7/../../../../lib64] ==> dir [/usr/lib/gcc/x86_64-redhat-linux/4.4.7/../../../../lib64]
    arg [-L/lib/../lib64] ==> dir [/lib/../lib64]
    arg [-L/usr/lib/../lib64] ==> dir [/usr/lib/../lib64]
    arg [-L/files/vol07/LSEL/dev/linux/hdf5/1.8.14/lib] ==> dir [/files/vol07/LSEL/dev/linux/hdf5/1.8.14/lib]
    arg [-L/files/vol07/LSEL/dev/linux/boost/1.57.0/lib] ==> dir [/files/vol07/LSEL/dev/linux/boost/1.57.0/lib]
    arg [-L/files/vol07/LSEL/dev/linux/glog/0.3.3/lib] ==> dir [/files/vol07/LSEL/dev/linux/glog/0.3.3/lib]
    arg [-L/files/vol07/LSEL/dev/linux/protobuf/2.6.1/lib] ==> dir [/files/vol07/LSEL/dev/linux/protobuf/2.6.1/lib]
    arg [-L/files/vol07/LSEL/dev/linux/cuda/6.5.14/lib64] ==> dir [/files/vol07/LSEL/dev/linux/cuda/6.5.14/lib64]
    arg [-L/files/vol07/LSEL/dev/linux/atlas/3.10.2/lib] ==> dir [/files/vol07/LSEL/dev/linux/atlas/3.10.2/lib]
    arg [-L/usr/lib/gcc/x86_64-redhat-linux/4.4.7/../../..] ==> dir [/usr/lib/gcc/x86_64-redhat-linux/4.4.7/../../..]
    arg [CMakeFiles/cmTryCompileExec3071238706.dir/CMakeCCompilerABI.c.o] ==> ignore
    arg [-lgcc] ==> lib [gcc]
    arg [--as-needed] ==> ignore
    arg [-lgcc_s] ==> lib [gcc_s]
    arg [--no-as-needed] ==> ignore
    arg [-lc] ==> lib [c]
    arg [-lgcc] ==> lib [gcc]
    arg [--as-needed] ==> ignore
    arg [-lgcc_s] ==> lib [gcc_s]
    arg [--no-as-needed] ==> ignore
    arg [/usr/lib/gcc/x86_64-redhat-linux/4.4.7/crtend.o] ==> ignore
    arg [/usr/lib/gcc/x86_64-redhat-linux/4.4.7/../../../../lib64/crtn.o] ==> ignore
  remove lib [gcc]
  remove lib [gcc_s]
  remove lib [gcc]
  remove lib [gcc_s]
  collapse library dir [/files/vol07/LSEL/dev/linux/cuda/6.5.14/lib64/../lib64] ==> [/files/vol07/LSEL/dev/linux/cuda/6.5.14/lib64]
  collapse library dir [/usr/lib/gcc/x86_64-redhat-linux/4.4.7] ==> [/usr/lib/gcc/x86_64-redhat-linux/4.4.7]
  collapse library dir [/usr/lib/gcc/x86_64-redhat-linux/4.4.7] ==> [/usr/lib/gcc/x86_64-redhat-linux/4.4.7]
  collapse library dir [/usr/lib/gcc/x86_64-redhat-linux/4.4.7/../../../../lib64] ==> [/usr/lib64]
  collapse library dir [/lib/../lib64] ==> [/lib64]
  collapse library dir [/usr/lib/../lib64] ==> [/usr/lib64]
  collapse library dir [/files/vol07/LSEL/dev/linux/hdf5/1.8.14/lib] ==> [/files/vol07/LSEL/dev/linux/hdf5/1.8.14/lib]
  collapse library dir [/files/vol07/LSEL/dev/linux/boost/1.57.0/lib] ==> [/files/vol07/LSEL/dev/linux/boost/1.57.0/lib]
  collapse library dir [/files/vol07/LSEL/dev/linux/glog/0.3.3/lib] ==> [/files/vol07/LSEL/dev/linux/glog/0.3.3/lib]
  collapse library dir [/files/vol07/LSEL/dev/linux/protobuf/2.6.1/lib] ==> [/files/vol07/LSEL/dev/linux/protobuf/2.6.1/lib]
  collapse library dir [/files/vol07/LSEL/dev/linux/cuda/6.5.14/lib64] ==> [/files/vol07/LSEL/dev/linux/cuda/6.5.14/lib64]
  collapse library dir [/files/vol07/LSEL/dev/linux/atlas/3.10.2/lib] ==> [/files/vol07/LSEL/dev/linux/atlas/3.10.2/lib]
  collapse library dir [/usr/lib/gcc/x86_64-redhat-linux/4.4.7/../../..] ==> [/usr/lib]
  implicit libs: [c]
  implicit dirs: [/files/vol07/LSEL/dev/linux/cuda/6.5.14/lib64;/usr/lib/gcc/x86_64-redhat-linux/4.4.7;/usr/lib64;/lib64;/files/vol07/LSEL/dev/linux/hdf5/1.8.14/lib;/files/vol07/LSEL/dev/linux/boost/1.57.0/lib;/files/vol07/LSEL/dev/linux/glog/0.3.3/lib;/files/vol07/LSEL/dev/linux/protobuf/2.6.1/lib;/files/vol07/LSEL/dev/linux/atlas/3.10.2/lib;/usr/lib]
  implicit fwks: []


Determining if the CXX compiler works passed with the following output:
Change Dir: /home/ninaoa1/Projects/temp/lstm/lstm7/lisa-caffe-public/tools/cuda_flow/release/CMakeFiles/CMakeTmp

Run Build Command:"/usr/bin/gmake" "cmTryCompileExec3010725474/fast"
gmake: Warning: File `Makefile' has modification time 1.1 s in the future
/usr/bin/gmake -f CMakeFiles/cmTryCompileExec3010725474.dir/build.make CMakeFiles/cmTryCompileExec3010725474.dir/build
gmake[1]: Entering directory `/home/ninaoa1/Projects/temp/lstm/lstm7/lisa-caffe-public/tools/cuda_flow/release/CMakeFiles/CMakeTmp'
gmake[1]: Warning: File `CMakeFiles/cmTryCompileExec3010725474.dir/flags.make' has modification time 1.1 s in the future
/files/vol07/LSEL/dev/linux/cmake/3.1.0/bin/cmake -E cmake_progress_report /home/ninaoa1/Projects/temp/lstm/lstm7/lisa-caffe-public/tools/cuda_flow/release/CMakeFiles/CMakeTmp/CMakeFiles 1
Building CXX object CMakeFiles/cmTryCompileExec3010725474.dir/testCXXCompiler.cxx.o
/usr/bin/c++    -I/files/vol07/LSEL/dev/linux/snappy/1.1.1/include -I/files/vol07/LSEL/dev/linux/hdf5/1.8.14/include -I/files/vol07/LSEL/dev/linux/boost/1.57.0/include -I/files/vol07/LSEL/dev/linux/lmdb/0.9.14/include -I/files/vol07/LSEL/dev/linux/leveldb/1.18/include -I/files/vol07/LSEL/dev/linux/gflags/2.1.1/include -I/files/vol07/LSEL/dev/linux/glog/0.3.3/include -I/files/vol07/LSEL/dev/linux/protobuf/2.6.1/include -I/files/vol07/LSEL/dev/linux/opencv/2.4.10.1/include -I/files/vol07/LSEL/dev/linux/cuda/6.5.14/include -I/files/vol07/LSEL/dev/linux/atlas/3.10.2/include     -o CMakeFiles/cmTryCompileExec3010725474.dir/testCXXCompiler.cxx.o -c /home/ninaoa1/Projects/temp/lstm/lstm7/lisa-caffe-public/tools/cuda_flow/release/CMakeFiles/CMakeTmp/testCXXCompiler.cxx
Linking CXX executable cmTryCompileExec3010725474
/files/vol07/LSEL/dev/linux/cmake/3.1.0/bin/cmake -E cmake_link_script CMakeFiles/cmTryCompileExec3010725474.dir/link.txt --verbose=1
/usr/bin/c++   -I/files/vol07/LSEL/dev/linux/snappy/1.1.1/include -I/files/vol07/LSEL/dev/linux/hdf5/1.8.14/include -I/files/vol07/LSEL/dev/linux/boost/1.57.0/include -I/files/vol07/LSEL/dev/linux/lmdb/0.9.14/include -I/files/vol07/LSEL/dev/linux/leveldb/1.18/include -I/files/vol07/LSEL/dev/linux/gflags/2.1.1/include -I/files/vol07/LSEL/dev/linux/glog/0.3.3/include -I/files/vol07/LSEL/dev/linux/protobuf/2.6.1/include -I/files/vol07/LSEL/dev/linux/opencv/2.4.10.1/include -I/files/vol07/LSEL/dev/linux/cuda/6.5.14/include -I/files/vol07/LSEL/dev/linux/atlas/3.10.2/include     -L/files/vol07/LSEL/dev/linux/tbb/4.3_2/lib -L/files/vol07/LSEL/dev/linux/canopy/1.5.1/appdata/canopy-1.5.1.2730.rh5-x86_64/lib -L/files/vol07/LSEL/dev/linux/snappy/1.1.1/lib -L/files/vol07/LSEL/dev/linux/hdf5/1.8.14/lib -L/files/vol07/LSEL/dev/linux/boost/1.57.0/lib -L/files/vol07/LSEL/dev/linux/lmdb/0.9.14/lib -L/files/vol07/LSEL/dev/linux/leveldb/1.18/lib -L/files/vol07/LSEL/dev/linux/gflags/2.1.1/lib -L/files/vol07/LSEL/dev/linux/glog/0.3.3/lib -L/files/vol07/LSEL/dev/linux/protobuf/2.6.1/lib -L/files/vol07/LSEL/dev/linux/opencv/2.4.10.1/lib -L/files/vol07/LSEL/dev/linux/cuda/6.5.14/lib64 -L/files/vol07/LSEL/dev/linux/atlas/3.10.2/lib CMakeFiles/cmTryCompileExec3010725474.dir/testCXXCompiler.cxx.o  -o cmTryCompileExec3010725474 -rdynamic 
gmake[1]: warning:  Clock skew detected.  Your build may be incomplete.
gmake[1]: Leaving directory `/home/ninaoa1/Projects/temp/lstm/lstm7/lisa-caffe-public/tools/cuda_flow/release/CMakeFiles/CMakeTmp'
gmake: warning:  Clock skew detected.  Your build may be incomplete.


Detecting CXX compiler ABI info compiled with the following output:
Change Dir: /home/ninaoa1/Projects/temp/lstm/lstm7/lisa-caffe-public/tools/cuda_flow/release/CMakeFiles/CMakeTmp

Run Build Command:"/usr/bin/gmake" "cmTryCompileExec3832155717/fast"
gmake: Warning: File `Makefile' has modification time 1.1 s in the future
/usr/bin/gmake -f CMakeFiles/cmTryCompileExec3832155717.dir/build.make CMakeFiles/cmTryCompileExec3832155717.dir/build
gmake[1]: Entering directory `/home/ninaoa1/Projects/temp/lstm/lstm7/lisa-caffe-public/tools/cuda_flow/release/CMakeFiles/CMakeTmp'
gmake[1]: Warning: File `CMakeFiles/cmTryCompileExec3832155717.dir/flags.make' has modification time 1.1 s in the future
/files/vol07/LSEL/dev/linux/cmake/3.1.0/bin/cmake -E cmake_progress_report /home/ninaoa1/Projects/temp/lstm/lstm7/lisa-caffe-public/tools/cuda_flow/release/CMakeFiles/CMakeTmp/CMakeFiles 1
Building CXX object CMakeFiles/cmTryCompileExec3832155717.dir/CMakeCXXCompilerABI.cpp.o
/usr/bin/c++    -I/files/vol07/LSEL/dev/linux/snappy/1.1.1/include -I/files/vol07/LSEL/dev/linux/hdf5/1.8.14/include -I/files/vol07/LSEL/dev/linux/boost/1.57.0/include -I/files/vol07/LSEL/dev/linux/lmdb/0.9.14/include -I/files/vol07/LSEL/dev/linux/leveldb/1.18/include -I/files/vol07/LSEL/dev/linux/gflags/2.1.1/include -I/files/vol07/LSEL/dev/linux/glog/0.3.3/include -I/files/vol07/LSEL/dev/linux/protobuf/2.6.1/include -I/files/vol07/LSEL/dev/linux/opencv/2.4.10.1/include -I/files/vol07/LSEL/dev/linux/cuda/6.5.14/include -I/files/vol07/LSEL/dev/linux/atlas/3.10.2/include     -o CMakeFiles/cmTryCompileExec3832155717.dir/CMakeCXXCompilerABI.cpp.o -c /files/vol07/LSEL/dev/linux/cmake/3.1.0/share/cmake-3.1/Modules/CMakeCXXCompilerABI.cpp
Linking CXX executable cmTryCompileExec3832155717
/files/vol07/LSEL/dev/linux/cmake/3.1.0/bin/cmake -E cmake_link_script CMakeFiles/cmTryCompileExec3832155717.dir/link.txt --verbose=1
/usr/bin/c++   -I/files/vol07/LSEL/dev/linux/snappy/1.1.1/include -I/files/vol07/LSEL/dev/linux/hdf5/1.8.14/include -I/files/vol07/LSEL/dev/linux/boost/1.57.0/include -I/files/vol07/LSEL/dev/linux/lmdb/0.9.14/include -I/files/vol07/LSEL/dev/linux/leveldb/1.18/include -I/files/vol07/LSEL/dev/linux/gflags/2.1.1/include -I/files/vol07/LSEL/dev/linux/glog/0.3.3/include -I/files/vol07/LSEL/dev/linux/protobuf/2.6.1/include -I/files/vol07/LSEL/dev/linux/opencv/2.4.10.1/include -I/files/vol07/LSEL/dev/linux/cuda/6.5.14/include -I/files/vol07/LSEL/dev/linux/atlas/3.10.2/include    -v CMakeFiles/cmTryCompileExec3832155717.dir/CMakeCXXCompilerABI.cpp.o  -o cmTryCompileExec3832155717 -rdynamic  
Using built-in specs.
Target: x86_64-redhat-linux
Configured with: ../configure --prefix=/usr --mandir=/usr/share/man --infodir=/usr/share/info --with-bugurl=http://bugzilla.redhat.com/bugzilla --enable-bootstrap --enable-shared --enable-threads=posix --enable-checking=release --with-system-zlib --enable-__cxa_atexit --disable-libunwind-exceptions --enable-gnu-unique-object --enable-languages=c,c++,objc,obj-c++,java,fortran,ada --enable-java-awt=gtk --disable-dssi --with-java-home=/usr/lib/jvm/java-1.5.0-gcj-1.5.0.0/jre --enable-libgcj-multifile --enable-java-maintainer-mode --with-ecj-jar=/usr/share/java/eclipse-ecj.jar --disable-libjava-multilib --with-ppl --with-cloog --with-tune=generic --with-arch_32=i686 --build=x86_64-redhat-linux
Thread model: posix
gcc version 4.4.7 20120313 (Red Hat 4.4.7-16) (GCC) 
COMPILER_PATH=/usr/libexec/gcc/x86_64-redhat-linux/4.4.7/:/usr/libexec/gcc/x86_64-redhat-linux/4.4.7/:/usr/libexec/gcc/x86_64-redhat-linux/:/usr/lib/gcc/x86_64-redhat-linux/4.4.7/:/usr/lib/gcc/x86_64-redhat-linux/:/usr/libexec/gcc/x86_64-redhat-linux/4.4.7/:/usr/libexec/gcc/x86_64-redhat-linux/:/usr/lib/gcc/x86_64-redhat-linux/4.4.7/:/usr/lib/gcc/x86_64-redhat-linux/
LIBRARY_PATH=/files/vol07/LSEL/dev/linux/cuda/6.5.14/lib64/../lib64/:/usr/lib/gcc/x86_64-redhat-linux/4.4.7/:/usr/lib/gcc/x86_64-redhat-linux/4.4.7/:/usr/lib/gcc/x86_64-redhat-linux/4.4.7/../../../../lib64/:/lib/../lib64/:/usr/lib/../lib64/:/files/vol07/LSEL/dev/linux/hdf5/1.8.14/lib/:/files/vol07/LSEL/dev/linux/boost/1.57.0/lib/:/files/vol07/LSEL/dev/linux/glog/0.3.3/lib/:/files/vol07/LSEL/dev/linux/protobuf/2.6.1/lib/:/files/vol07/LSEL/dev/linux/cuda/6.5.14/lib64/:/files/vol07/LSEL/dev/linux/atlas/3.10.2/lib/:/usr/lib/gcc/x86_64-redhat-linux/4.4.7/../../../:/lib/:/usr/lib/
COLLECT_GCC_OPTIONS='-I/files/vol07/LSEL/dev/linux/snappy/1.1.1/include' '-I/files/vol07/LSEL/dev/linux/hdf5/1.8.14/include' '-I/files/vol07/LSEL/dev/linux/boost/1.57.0/include' '-I/files/vol07/LSEL/dev/linux/lmdb/0.9.14/include' '-I/files/vol07/LSEL/dev/linux/leveldb/1.18/include' '-I/files/vol07/LSEL/dev/linux/gflags/2.1.1/include' '-I/files/vol07/LSEL/dev/linux/glog/0.3.3/include' '-I/files/vol07/LSEL/dev/linux/protobuf/2.6.1/include' '-I/files/vol07/LSEL/dev/linux/opencv/2.4.10.1/include' '-I/files/vol07/LSEL/dev/linux/cuda/6.5.14/include' '-I/files/vol07/LSEL/dev/linux/atlas/3.10.2/include' '-v' '-o' 'cmTryCompileExec3832155717' '-rdynamic' '-shared-libgcc' '-mtune=generic'
 /usr/libexec/gcc/x86_64-redhat-linux/4.4.7/collect2 --eh-frame-hdr --build-id -m elf_x86_64 --hash-style=gnu -export-dynamic -dynamic-linker /lib64/ld-linux-x86-64.so.2 -o cmTryCompileExec3832155717 /usr/lib/gcc/x86_64-redhat-linux/4.4.7/../../../../lib64/crt1.o /usr/lib/gcc/x86_64-redhat-linux/4.4.7/../../../../lib64/crti.o /usr/lib/gcc/x86_64-redhat-linux/4.4.7/crtbegin.o -L/files/vol07/LSEL/dev/linux/cuda/6.5.14/lib64/../lib64 -L/usr/lib/gcc/x86_64-redhat-linux/4.4.7 -L/usr/lib/gcc/x86_64-redhat-linux/4.4.7 -L/usr/lib/gcc/x86_64-redhat-linux/4.4.7/../../../../lib64 -L/lib/../lib64 -L/usr/lib/../lib64 -L/files/vol07/LSEL/dev/linux/hdf5/1.8.14/lib -L/files/vol07/LSEL/dev/linux/boost/1.57.0/lib -L/files/vol07/LSEL/dev/linux/glog/0.3.3/lib -L/files/vol07/LSEL/dev/linux/protobuf/2.6.1/lib -L/files/vol07/LSEL/dev/linux/cuda/6.5.14/lib64 -L/files/vol07/LSEL/dev/linux/atlas/3.10.2/lib -L/usr/lib/gcc/x86_64-redhat-linux/4.4.7/../../.. CMakeFiles/cmTryCompileExec3832155717.dir/CMakeCXXCompilerABI.cpp.o -lstdc++ -lm -lgcc_s -lgcc -lc -lgcc_s -lgcc /usr/lib/gcc/x86_64-redhat-linux/4.4.7/crtend.o /usr/lib/gcc/x86_64-redhat-linux/4.4.7/../../../../lib64/crtn.o
gmake[1]: Leaving directory `/home/ninaoa1/Projects/temp/lstm/lstm7/lisa-caffe-public/tools/cuda_flow/release/CMakeFiles/CMakeTmp'
gmake[1]: warning:  Clock skew detected.  Your build may be incomplete.
gmake: warning:  Clock skew detected.  Your build may be incomplete.


Parsed CXX implicit link information from above output:
  link line regex: [^( *|.*[/\])(ld|([^/\]+-)?ld|collect2)[^/\]*( |$)]
  ignore line: [Change Dir: /home/ninaoa1/Projects/temp/lstm/lstm7/lisa-caffe-public/tools/cuda_flow/release/CMakeFiles/CMakeTmp]
  ignore line: []
  ignore line: [Run Build Command:"/usr/bin/gmake" "cmTryCompileExec3832155717/fast"]
  ignore line: [gmake: Warning: File `Makefile' has modification time 1.1 s in the future]
  ignore line: [/usr/bin/gmake -f CMakeFiles/cmTryCompileExec3832155717.dir/build.make CMakeFiles/cmTryCompileExec3832155717.dir/build]
  ignore line: [gmake[1]: Entering directory `/home/ninaoa1/Projects/temp/lstm/lstm7/lisa-caffe-public/tools/cuda_flow/release/CMakeFiles/CMakeTmp']
  ignore line: [gmake[1]: Warning: File `CMakeFiles/cmTryCompileExec3832155717.dir/flags.make' has modification time 1.1 s in the future]
  ignore line: [/files/vol07/LSEL/dev/linux/cmake/3.1.0/bin/cmake -E cmake_progress_report /home/ninaoa1/Projects/temp/lstm/lstm7/lisa-caffe-public/tools/cuda_flow/release/CMakeFiles/CMakeTmp/CMakeFiles 1]
  ignore line: [Building CXX object CMakeFiles/cmTryCompileExec3832155717.dir/CMakeCXXCompilerABI.cpp.o]
  ignore line: [/usr/bin/c++    -I/files/vol07/LSEL/dev/linux/snappy/1.1.1/include -I/files/vol07/LSEL/dev/linux/hdf5/1.8.14/include -I/files/vol07/LSEL/dev/linux/boost/1.57.0/include -I/files/vol07/LSEL/dev/linux/lmdb/0.9.14/include -I/files/vol07/LSEL/dev/linux/leveldb/1.18/include -I/files/vol07/LSEL/dev/linux/gflags/2.1.1/include -I/files/vol07/LSEL/dev/linux/glog/0.3.3/include -I/files/vol07/LSEL/dev/linux/protobuf/2.6.1/include -I/files/vol07/LSEL/dev/linux/opencv/2.4.10.1/include -I/files/vol07/LSEL/dev/linux/cuda/6.5.14/include -I/files/vol07/LSEL/dev/linux/atlas/3.10.2/include     -o CMakeFiles/cmTryCompileExec3832155717.dir/CMakeCXXCompilerABI.cpp.o -c /files/vol07/LSEL/dev/linux/cmake/3.1.0/share/cmake-3.1/Modules/CMakeCXXCompilerABI.cpp]
  ignore line: [Linking CXX executable cmTryCompileExec3832155717]
  ignore line: [/files/vol07/LSEL/dev/linux/cmake/3.1.0/bin/cmake -E cmake_link_script CMakeFiles/cmTryCompileExec3832155717.dir/link.txt --verbose=1]
  ignore line: [/usr/bin/c++   -I/files/vol07/LSEL/dev/linux/snappy/1.1.1/include -I/files/vol07/LSEL/dev/linux/hdf5/1.8.14/include -I/files/vol07/LSEL/dev/linux/boost/1.57.0/include -I/files/vol07/LSEL/dev/linux/lmdb/0.9.14/include -I/files/vol07/LSEL/dev/linux/leveldb/1.18/include -I/files/vol07/LSEL/dev/linux/gflags/2.1.1/include -I/files/vol07/LSEL/dev/linux/glog/0.3.3/include -I/files/vol07/LSEL/dev/linux/protobuf/2.6.1/include -I/files/vol07/LSEL/dev/linux/opencv/2.4.10.1/include -I/files/vol07/LSEL/dev/linux/cuda/6.5.14/include -I/files/vol07/LSEL/dev/linux/atlas/3.10.2/include    -v CMakeFiles/cmTryCompileExec3832155717.dir/CMakeCXXCompilerABI.cpp.o  -o cmTryCompileExec3832155717 -rdynamic  ]
  ignore line: [Using built-in specs.]
  ignore line: [Target: x86_64-redhat-linux]
  ignore line: [Configured with: ../configure --prefix=/usr --mandir=/usr/share/man --infodir=/usr/share/info --with-bugurl=http://bugzilla.redhat.com/bugzilla --enable-bootstrap --enable-shared --enable-threads=posix --enable-checking=release --with-system-zlib --enable-__cxa_atexit --disable-libunwind-exceptions --enable-gnu-unique-object --enable-languages=c,c++,objc,obj-c++,java,fortran,ada --enable-java-awt=gtk --disable-dssi --with-java-home=/usr/lib/jvm/java-1.5.0-gcj-1.5.0.0/jre --enable-libgcj-multifile --enable-java-maintainer-mode --with-ecj-jar=/usr/share/java/eclipse-ecj.jar --disable-libjava-multilib --with-ppl --with-cloog --with-tune=generic --with-arch_32=i686 --build=x86_64-redhat-linux]
  ignore line: [Thread model: posix]
  ignore line: [gcc version 4.4.7 20120313 (Red Hat 4.4.7-16) (GCC) ]
  ignore line: [COMPILER_PATH=/usr/libexec/gcc/x86_64-redhat-linux/4.4.7/:/usr/libexec/gcc/x86_64-redhat-linux/4.4.7/:/usr/libexec/gcc/x86_64-redhat-linux/:/usr/lib/gcc/x86_64-redhat-linux/4.4.7/:/usr/lib/gcc/x86_64-redhat-linux/:/usr/libexec/gcc/x86_64-redhat-linux/4.4.7/:/usr/libexec/gcc/x86_64-redhat-linux/:/usr/lib/gcc/x86_64-redhat-linux/4.4.7/:/usr/lib/gcc/x86_64-redhat-linux/]
  ignore line: [LIBRARY_PATH=/files/vol07/LSEL/dev/linux/cuda/6.5.14/lib64/../lib64/:/usr/lib/gcc/x86_64-redhat-linux/4.4.7/:/usr/lib/gcc/x86_64-redhat-linux/4.4.7/:/usr/lib/gcc/x86_64-redhat-linux/4.4.7/../../../../lib64/:/lib/../lib64/:/usr/lib/../lib64/:/files/vol07/LSEL/dev/linux/hdf5/1.8.14/lib/:/files/vol07/LSEL/dev/linux/boost/1.57.0/lib/:/files/vol07/LSEL/dev/linux/glog/0.3.3/lib/:/files/vol07/LSEL/dev/linux/protobuf/2.6.1/lib/:/files/vol07/LSEL/dev/linux/cuda/6.5.14/lib64/:/files/vol07/LSEL/dev/linux/atlas/3.10.2/lib/:/usr/lib/gcc/x86_64-redhat-linux/4.4.7/../../../:/lib/:/usr/lib/]
  ignore line: [COLLECT_GCC_OPTIONS='-I/files/vol07/LSEL/dev/linux/snappy/1.1.1/include' '-I/files/vol07/LSEL/dev/linux/hdf5/1.8.14/include' '-I/files/vol07/LSEL/dev/linux/boost/1.57.0/include' '-I/files/vol07/LSEL/dev/linux/lmdb/0.9.14/include' '-I/files/vol07/LSEL/dev/linux/leveldb/1.18/include' '-I/files/vol07/LSEL/dev/linux/gflags/2.1.1/include' '-I/files/vol07/LSEL/dev/linux/glog/0.3.3/include' '-I/files/vol07/LSEL/dev/linux/protobuf/2.6.1/include' '-I/files/vol07/LSEL/dev/linux/opencv/2.4.10.1/include' '-I/files/vol07/LSEL/dev/linux/cuda/6.5.14/include' '-I/files/vol07/LSEL/dev/linux/atlas/3.10.2/include' '-v' '-o' 'cmTryCompileExec3832155717' '-rdynamic' '-shared-libgcc' '-mtune=generic']
  link line: [ /usr/libexec/gcc/x86_64-redhat-linux/4.4.7/collect2 --eh-frame-hdr --build-id -m elf_x86_64 --hash-style=gnu -export-dynamic -dynamic-linker /lib64/ld-linux-x86-64.so.2 -o cmTryCompileExec3832155717 /usr/lib/gcc/x86_64-redhat-linux/4.4.7/../../../../lib64/crt1.o /usr/lib/gcc/x86_64-redhat-linux/4.4.7/../../../../lib64/crti.o /usr/lib/gcc/x86_64-redhat-linux/4.4.7/crtbegin.o -L/files/vol07/LSEL/dev/linux/cuda/6.5.14/lib64/../lib64 -L/usr/lib/gcc/x86_64-redhat-linux/4.4.7 -L/usr/lib/gcc/x86_64-redhat-linux/4.4.7 -L/usr/lib/gcc/x86_64-redhat-linux/4.4.7/../../../../lib64 -L/lib/../lib64 -L/usr/lib/../lib64 -L/files/vol07/LSEL/dev/linux/hdf5/1.8.14/lib -L/files/vol07/LSEL/dev/linux/boost/1.57.0/lib -L/files/vol07/LSEL/dev/linux/glog/0.3.3/lib -L/files/vol07/LSEL/dev/linux/protobuf/2.6.1/lib -L/files/vol07/LSEL/dev/linux/cuda/6.5.14/lib64 -L/files/vol07/LSEL/dev/linux/atlas/3.10.2/lib -L/usr/lib/gcc/x86_64-redhat-linux/4.4.7/../../.. CMakeFiles/cmTryCompileExec3832155717.dir/CMakeCXXCompilerABI.cpp.o -lstdc++ -lm -lgcc_s -lgcc -lc -lgcc_s -lgcc /usr/lib/gcc/x86_64-redhat-linux/4.4.7/crtend.o /usr/lib/gcc/x86_64-redhat-linux/4.4.7/../../../../lib64/crtn.o]
    arg [/usr/libexec/gcc/x86_64-redhat-linux/4.4.7/collect2] ==> ignore
    arg [--eh-frame-hdr] ==> ignore
    arg [--build-id] ==> ignore
    arg [-m] ==> ignore
    arg [elf_x86_64] ==> ignore
    arg [--hash-style=gnu] ==> ignore
    arg [-export-dynamic] ==> ignore
    arg [-dynamic-linker] ==> ignore
    arg [/lib64/ld-linux-x86-64.so.2] ==> ignore
    arg [-o] ==> ignore
    arg [cmTryCompileExec3832155717] ==> ignore
    arg [/usr/lib/gcc/x86_64-redhat-linux/4.4.7/../../../../lib64/crt1.o] ==> ignore
    arg [/usr/lib/gcc/x86_64-redhat-linux/4.4.7/../../../../lib64/crti.o] ==> ignore
    arg [/usr/lib/gcc/x86_64-redhat-linux/4.4.7/crtbegin.o] ==> ignore
    arg [-L/files/vol07/LSEL/dev/linux/cuda/6.5.14/lib64/../lib64] ==> dir [/files/vol07/LSEL/dev/linux/cuda/6.5.14/lib64/../lib64]
    arg [-L/usr/lib/gcc/x86_64-redhat-linux/4.4.7] ==> dir [/usr/lib/gcc/x86_64-redhat-linux/4.4.7]
    arg [-L/usr/lib/gcc/x86_64-redhat-linux/4.4.7] ==> dir [/usr/lib/gcc/x86_64-redhat-linux/4.4.7]
    arg [-L/usr/lib/gcc/x86_64-redhat-linux/4.4.7/../../../../lib64] ==> dir [/usr/lib/gcc/x86_64-redhat-linux/4.4.7/../../../../lib64]
    arg [-L/lib/../lib64] ==> dir [/lib/../lib64]
    arg [-L/usr/lib/../lib64] ==> dir [/usr/lib/../lib64]
    arg [-L/files/vol07/LSEL/dev/linux/hdf5/1.8.14/lib] ==> dir [/files/vol07/LSEL/dev/linux/hdf5/1.8.14/lib]
    arg [-L/files/vol07/LSEL/dev/linux/boost/1.57.0/lib] ==> dir [/files/vol07/LSEL/dev/linux/boost/1.57.0/lib]
    arg [-L/files/vol07/LSEL/dev/linux/glog/0.3.3/lib] ==> dir [/files/vol07/LSEL/dev/linux/glog/0.3.3/lib]
    arg [-L/files/vol07/LSEL/dev/linux/protobuf/2.6.1/lib] ==> dir [/files/vol07/LSEL/dev/linux/protobuf/2.6.1/lib]
    arg [-L/files/vol07/LSEL/dev/linux/cuda/6.5.14/lib64] ==> dir [/files/vol07/LSEL/dev/linux/cuda/6.5.14/lib64]
    arg [-L/files/vol07/LSEL/dev/linux/atlas/3.10.2/lib] ==> dir [/files/vol07/LSEL/dev/linux/atlas/3.10.2/lib]
    arg [-L/usr/lib/gcc/x86_64-redhat-linux/4.4.7/../../..] ==> dir [/usr/lib/gcc/x86_64-redhat-linux/4.4.7/../../..]
    arg [CMakeFiles/cmTryCompileExec3832155717.dir/CMakeCXXCompilerABI.cpp.o] ==> ignore
    arg [-lstdc++] ==> lib [stdc++]
    arg [-lm] ==> lib [m]
    arg [-lgcc_s] ==> lib [gcc_s]
    arg [-lgcc] ==> lib [gcc]
    arg [-lc] ==> lib [c]
    arg [-lgcc_s] ==> lib [gcc_s]
    arg [-lgcc] ==> lib [gcc]
    arg [/usr/lib/gcc/x86_64-redhat-linux/4.4.7/crtend.o] ==> ignore
    arg [/usr/lib/gcc/x86_64-redhat-linux/4.4.7/../../../../lib64/crtn.o] ==> ignore
  remove lib [gcc_s]
  remove lib [gcc]
  remove lib [gcc_s]
  remove lib [gcc]
  collapse library dir [/files/vol07/LSEL/dev/linux/cuda/6.5.14/lib64/../lib64] ==> [/files/vol07/LSEL/dev/linux/cuda/6.5.14/lib64]
  collapse library dir [/usr/lib/gcc/x86_64-redhat-linux/4.4.7] ==> [/usr/lib/gcc/x86_64-redhat-linux/4.4.7]
  collapse library dir [/usr/lib/gcc/x86_64-redhat-linux/4.4.7] ==> [/usr/lib/gcc/x86_64-redhat-linux/4.4.7]
  collapse library dir [/usr/lib/gcc/x86_64-redhat-linux/4.4.7/../../../../lib64] ==> [/usr/lib64]
  collapse library dir [/lib/../lib64] ==> [/lib64]
  collapse library dir [/usr/lib/../lib64] ==> [/usr/lib64]
  collapse library dir [/files/vol07/LSEL/dev/linux/hdf5/1.8.14/lib] ==> [/files/vol07/LSEL/dev/linux/hdf5/1.8.14/lib]
  collapse library dir [/files/vol07/LSEL/dev/linux/boost/1.57.0/lib] ==> [/files/vol07/LSEL/dev/linux/boost/1.57.0/lib]
  collapse library dir [/files/vol07/LSEL/dev/linux/glog/0.3.3/lib] ==> [/files/vol07/LSEL/dev/linux/glog/0.3.3/lib]
  collapse library dir [/files/vol07/LSEL/dev/linux/protobuf/2.6.1/lib] ==> [/files/vol07/LSEL/dev/linux/protobuf/2.6.1/lib]
  collapse library dir [/files/vol07/LSEL/dev/linux/cuda/6.5.14/lib64] ==> [/files/vol07/LSEL/dev/linux/cuda/6.5.14/lib64]
  collapse library dir [/files/vol07/LSEL/dev/linux/atlas/3.10.2/lib] ==> [/files/vol07/LSEL/dev/linux/atlas/3.10.2/lib]
  collapse library dir [/usr/lib/gcc/x86_64-redhat-linux/4.4.7/../../..] ==> [/usr/lib]
  implicit libs: [stdc++;m;c]
  implicit dirs: [/files/vol07/LSEL/dev/linux/cuda/6.5.14/lib64;/usr/lib/gcc/x86_64-redhat-linux/4.4.7;/usr/lib64;/lib64;/files/vol07/LSEL/dev/linux/hdf5/1.8.14/lib;/files/vol07/LSEL/dev/linux/boost/1.57.0/lib;/files/vol07/LSEL/dev/linux/glog/0.3.3/lib;/files/vol07/LSEL/dev/linux/protobuf/2.6.1/lib;/files/vol07/LSEL/dev/linux/atlas/3.10.2/lib;/usr/lib]
  implicit fwks: []


